<?xml version="1.0" encoding="UTF-8"?>
<!-- Generated by org.testng.reporters.JUnitReportReporter -->
<testsuite hostname="NagaTecnoPC" failures="0" tests="1" name="com.restassured.tests.PostAPIRequest" time="5.981" errors="0" timestamp="2024-10-04T18:01:48 IST" skipped="0">
  <testcase classname="com.restassured.tests.PostAPIRequest" name="createBooking" time="5.981"/>
</testsuite> <!-- com.restassured.tests.PostAPIRequest -->
