<?xml version="1.0" encoding="UTF-8"?>
<!-- Generated by org.testng.reporters.JUnitReportReporter -->
<testsuite hostname="NagaTecnoPC" failures="0" tests="1" name="com.restassured.tests.GetAPIRequest" time="11.488" errors="0" timestamp="2024-10-04T17:25:29 IST" skipped="0">
  <testcase classname="com.restassured.tests.GetAPIRequest" name="getAllBookings" time="11.488"/>
</testsuite> <!-- com.restassured.tests.GetAPIRequest -->
